[2026-07-08 14:17:43] ============================================================
[2026-07-08 14:17:43] Mise à jour automatique ignorée : des fichiers suivis ont des modifications locales.
[2026-07-08 14:17:43] M lancer_gestion_bisses.bat
 M lancer_gestion_bisses.py
[2026-07-08 14:17:43] Python utilisé : C:\Users\jsush\AppData\Local\Microsoft\WindowsApps\PythonSoftwareFoundation.Python.3.13_qbz5n2kfra8p0\python.exe
[2026-07-08 14:17:43] Lancement de : C:\Users\jsush\OneDrive - UAB\Documentos\GitHub\Abisses\gestion_bisses.py
[2026-07-08 14:21:29] ============================================================
[2026-07-08 14:21:29] Mise à jour automatique ignorée : des fichiers suivis ont des modifications locales.
[2026-07-08 14:21:29] M lancer_gestion_bisses.bat
 M lancer_gestion_bisses.py
[2026-07-08 14:21:29] Python utilisé : C:\Users\jsush\AppData\Local\Microsoft\WindowsApps\PythonSoftwareFoundation.Python.3.13_qbz5n2kfra8p0\python.exe
[2026-07-08 14:21:29] Lancement de : C:\Users\jsush\OneDrive - UAB\Documentos\GitHub\Abisses\gestion_bisses.py
[2026-07-08 18:46:04] ============================================================
[2026-07-08 18:46:04] Mise à jour automatique ignorée : des fichiers suivis ont des modifications locales.
[2026-07-08 18:46:04] M lancement_gestion_bisses.log
[2026-07-08 18:46:04] Python utilisé : C:\Users\jsush\AppData\Local\Microsoft\WindowsApps\PythonSoftwareFoundation.Python.3.13_qbz5n2kfra8p0\python.exe
[2026-07-08 18:46:04] Lancement de : C:\Users\jsush\OneDrive - UAB\Documentos\GitHub\Abisses\gestion_bisses.py
[2026-07-10 11:42:51] ============================================================
[2026-07-10 11:42:51] Mise à jour automatique ignorée : des fichiers suivis ont des modifications locales.
[2026-07-10 11:42:51] M lancement_gestion_bisses.log
[2026-07-10 11:42:51] Python utilisé : C:\Users\jsush\AppData\Local\Microsoft\WindowsApps\PythonSoftwareFoundation.Python.3.13_qbz5n2kfra8p0\python.exe
[2026-07-10 11:42:51] Lancement de : C:\Users\jsush\OneDrive - UAB\Documentos\GitHub\Abisses\gestion_bisses.py
[2026-07-10 11:49:59] ============================================================
[2026-07-10 11:49:59] Mise à jour automatique ignorée : des fichiers suivis ont des modifications locales.
[2026-07-10 11:49:59] M lancement_gestion_bisses.log
[2026-07-10 11:49:59] Python utilisé : C:\Users\jsush\AppData\Local\Microsoft\WindowsApps\PythonSoftwareFoundation.Python.3.13_qbz5n2kfra8p0\python.exe
[2026-07-10 11:49:59] Lancement de : C:\Users\jsush\OneDrive - UAB\Documentos\GitHub\Abisses\gestion_bisses.py
